[2025-11-28 12:38:38] === GOOGLE AUTH PROCESS STARTED ===
[2025-11-28 12:38:38] PHP Version: 8.1.10
[2025-11-28 12:38:38] Current Directory: C:\laragon\www\KarirkuWebs\function
[2025-11-28 12:38:38] Log File Path: C:\laragon\www\KarirkuWebs\function/google-auth-debug.log
[2025-11-28 12:38:38] File Permissions: 777
[2025-11-28 12:38:38] Config loaded successfully
[2025-11-28 12:38:38] Supabase functions loaded successfully
[2025-11-28 12:38:38] Configuration loaded - Supabase URL: https://tkjnbelcgfwpbhppsnrl.supabase.co
[2025-11-28 12:38:38] Configuration loaded - Site URL: http://localhost/KarirkuWebs
[2025-11-28 12:38:45] === GOOGLE AUTH PROCESS STARTED ===
[2025-11-28 12:38:45] PHP Version: 8.1.10
[2025-11-28 12:38:45] Current Directory: C:\laragon\www\KarirkuWebs\function
[2025-11-28 12:38:45] Log File Path: C:\laragon\www\KarirkuWebs\function/google-auth-debug.log
[2025-11-28 12:38:45] File Permissions: 777
[2025-11-28 12:38:45] Config loaded successfully
[2025-11-28 12:38:45] Supabase functions loaded successfully
[2025-11-28 12:38:45] Configuration loaded - Supabase URL: https://tkjnbelcgfwpbhppsnrl.supabase.co
[2025-11-28 12:38:45] Configuration loaded - Site URL: http://localhost/KarirkuWebs
[2025-11-28 12:45:16] === GOOGLE AUTH PROCESS STARTED ===
[2025-11-28 12:45:16] PHP Version: 8.1.10
[2025-11-28 12:45:16] Current Directory: C:\laragon\www\KarirkuWebs\function
[2025-11-28 12:45:16] Log File Path: C:\laragon\www\KarirkuWebs\function/google-auth-debug.log
[2025-11-28 12:45:16] Configuration loaded - Supabase URL: https://tkjnbelcgfwpbhppsnrl.supabase.co
[2025-11-28 12:45:16] Configuration loaded - Site URL: http://localhost/KarirkuWebs
[2025-11-28 12:46:04] === GOOGLE AUTH PROCESS STARTED ===
[2025-11-28 12:46:04] PHP Version: 8.1.10
[2025-11-28 12:46:04] Current Directory: C:\laragon\www\KarirkuWebs\function
[2025-11-28 12:46:04] Log File Path: C:\laragon\www\KarirkuWebs\function/google-auth-debug.log
[2025-11-28 12:46:04] Configuration loaded - Supabase URL: https://tkjnbelcgfwpbhppsnrl.supabase.co
[2025-11-28 12:46:04] Configuration loaded - Site URL: http://localhost/KarirkuWebs
[2025-11-28 12:46:10] === GOOGLE AUTH PROCESS STARTED ===
[2025-11-28 12:46:10] PHP Version: 8.1.10
[2025-11-28 12:46:10] Current Directory: C:\laragon\www\KarirkuWebs\function
[2025-11-28 12:46:10] Log File Path: C:\laragon\www\KarirkuWebs\function/google-auth-debug.log
[2025-11-28 12:46:10] Configuration loaded - Supabase URL: https://tkjnbelcgfwpbhppsnrl.supabase.co
[2025-11-28 12:46:10] Configuration loaded - Site URL: http://localhost/KarirkuWebs
[2025-11-28 12:46:16] === GOOGLE AUTH PROCESS STARTED ===
[2025-11-28 12:46:16] PHP Version: 8.1.10
[2025-11-28 12:46:16] Current Directory: C:\laragon\www\KarirkuWebs\function
[2025-11-28 12:46:16] Log File Path: C:\laragon\www\KarirkuWebs\function/google-auth-debug.log
[2025-11-28 12:46:16] Configuration loaded - Supabase URL: https://tkjnbelcgfwpbhppsnrl.supabase.co
[2025-11-28 12:46:16] Configuration loaded - Site URL: http://localhost/KarirkuWebs
[2025-11-28 12:46:22] === GOOGLE AUTH PROCESS STARTED ===
[2025-11-28 12:46:22] PHP Version: 8.1.10
[2025-11-28 12:46:22] Current Directory: C:\laragon\www\KarirkuWebs\function
[2025-11-28 12:46:22] Log File Path: C:\laragon\www\KarirkuWebs\function/google-auth-debug.log
[2025-11-28 12:46:22] Configuration loaded - Supabase URL: https://tkjnbelcgfwpbhppsnrl.supabase.co
[2025-11-28 12:46:22] Configuration loaded - Site URL: http://localhost/KarirkuWebs
[2025-11-28 12:47:33] === GOOGLE AUTH PROCESS STARTED ===
[2025-11-28 12:47:33] PHP Version: 8.1.10
[2025-11-28 12:47:33] Current Directory: C:\laragon\www\KarirkuWebs\function
[2025-11-28 12:47:33] Log File Path: C:\laragon\www\KarirkuWebs\function/google-auth-debug.log
[2025-11-28 12:47:33] Configuration loaded - Supabase URL: https://tkjnbelcgfwpbhppsnrl.supabase.co
[2025-11-28 12:47:33] Configuration loaded - Site URL: http://localhost/KarirkuWebs
[2025-11-28 12:47:38] === GOOGLE AUTH PROCESS STARTED ===
[2025-11-28 12:47:38] PHP Version: 8.1.10
[2025-11-28 12:47:38] Current Directory: C:\laragon\www\KarirkuWebs\function
[2025-11-28 12:47:38] Log File Path: C:\laragon\www\KarirkuWebs\function/google-auth-debug.log
[2025-11-28 12:47:38] Configuration loaded - Supabase URL: https://tkjnbelcgfwpbhppsnrl.supabase.co
[2025-11-28 12:47:38] Configuration loaded - Site URL: http://localhost/KarirkuWebs
[2025-11-28 12:47:47] === GOOGLE AUTH PROCESS STARTED ===
[2025-11-28 12:47:47] PHP Version: 8.1.10
[2025-11-28 12:47:47] Current Directory: C:\laragon\www\KarirkuWebs\function
[2025-11-28 12:47:47] Log File Path: C:\laragon\www\KarirkuWebs\function/google-auth-debug.log
[2025-11-28 12:47:47] Configuration loaded - Supabase URL: https://tkjnbelcgfwpbhppsnrl.supabase.co
[2025-11-28 12:47:47] Configuration loaded - Site URL: http://localhost/KarirkuWebs
[2025-11-28 12:48:56] === GOOGLE AUTH PROCESS STARTED ===
[2025-11-28 12:48:56] PHP Version: 8.1.10
[2025-11-28 12:48:56] Current Directory: C:\laragon\www\KarirkuWebs\function
[2025-11-28 12:48:56] Log File Path: C:\laragon\www\KarirkuWebs\function/google-auth-debug.log
[2025-11-28 12:48:56] Configuration loaded - Supabase URL: https://tkjnbelcgfwpbhppsnrl.supabase.co
[2025-11-28 12:48:56] Configuration loaded - Site URL: http://localhost/KarirkuWebs
[2025-11-28 12:48:56] No code parameter, redirecting to Google OAuth
[2025-11-28 12:48:56] Redirecting to: https://tkjnbelcgfwpbhppsnrl.supabase.co/auth/v1/authorize?provider=google&redirect_to=http%3A%2F%2Flocalhost%2FKarirkuWebs%2Ffunction%2Fgoogle-auth.php
[2025-11-28 12:49:01] === GOOGLE AUTH PROCESS STARTED ===
[2025-11-28 12:49:01] PHP Version: 8.1.10
[2025-11-28 12:49:01] Current Directory: C:\laragon\www\KarirkuWebs\function
[2025-11-28 12:49:01] Log File Path: C:\laragon\www\KarirkuWebs\function/google-auth-debug.log
[2025-11-28 12:49:01] Configuration loaded - Supabase URL: https://tkjnbelcgfwpbhppsnrl.supabase.co
[2025-11-28 12:49:01] Configuration loaded - Site URL: http://localhost/KarirkuWebs
[2025-11-28 12:49:01] Google OAuth Error: server_error
[2025-11-28 12:49:08] === GOOGLE AUTH PROCESS STARTED ===
[2025-11-28 12:49:08] PHP Version: 8.1.10
[2025-11-28 12:49:08] Current Directory: C:\laragon\www\KarirkuWebs\function
[2025-11-28 12:49:08] Log File Path: C:\laragon\www\KarirkuWebs\function/google-auth-debug.log
[2025-11-28 12:49:08] Configuration loaded - Supabase URL: https://tkjnbelcgfwpbhppsnrl.supabase.co
[2025-11-28 12:49:08] Configuration loaded - Site URL: http://localhost/KarirkuWebs
[2025-11-28 12:49:08] No code parameter, redirecting to Google OAuth
[2025-11-28 12:49:08] Redirecting to: https://tkjnbelcgfwpbhppsnrl.supabase.co/auth/v1/authorize?provider=google&redirect_to=http%3A%2F%2Flocalhost%2FKarirkuWebs%2Ffunction%2Fgoogle-auth.php
[2025-11-28 12:49:16] === GOOGLE AUTH PROCESS STARTED ===
[2025-11-28 12:49:16] PHP Version: 8.1.10
[2025-11-28 12:49:16] Current Directory: C:\laragon\www\KarirkuWebs\function
[2025-11-28 12:49:16] Log File Path: C:\laragon\www\KarirkuWebs\function/google-auth-debug.log
[2025-11-28 12:49:16] Configuration loaded - Supabase URL: https://tkjnbelcgfwpbhppsnrl.supabase.co
[2025-11-28 12:49:16] Configuration loaded - Site URL: http://localhost/KarirkuWebs
[2025-11-28 12:49:16] Google OAuth Error: server_error
[2025-11-28 12:54:07] === GOOGLE AUTH PROCESS STARTED ===
[2025-11-28 12:54:07] PHP Version: 8.1.10
[2025-11-28 12:54:07] Current Directory: C:\laragon\www\KarirkuWebs\function
[2025-11-28 12:54:07] Log File Path: C:\laragon\www\KarirkuWebs\function/google-auth-debug.log
[2025-11-28 12:54:07] Configuration loaded - Supabase URL: https://tkjnbelcgfwpbhppsnrl.supabase.co
[2025-11-28 12:54:07] Configuration loaded - Site URL: http://localhost/KarirkuWebs
[2025-11-28 12:54:07] No code parameter, redirecting to Google OAuth
[2025-11-28 12:54:07] Redirecting to: https://tkjnbelcgfwpbhppsnrl.supabase.co/auth/v1/authorize?provider=google&redirect_to=http%3A%2F%2Flocalhost%2FKarirkuWebs%2Ffunction%2Fgoogle-auth.php
[2025-11-28 12:54:14] === GOOGLE AUTH PROCESS STARTED ===
[2025-11-28 12:54:14] PHP Version: 8.1.10
[2025-11-28 12:54:14] Current Directory: C:\laragon\www\KarirkuWebs\function
[2025-11-28 12:54:14] Log File Path: C:\laragon\www\KarirkuWebs\function/google-auth-debug.log
[2025-11-28 12:54:14] Configuration loaded - Supabase URL: https://tkjnbelcgfwpbhppsnrl.supabase.co
[2025-11-28 12:54:14] Configuration loaded - Site URL: http://localhost/KarirkuWebs
[2025-11-28 12:54:14] Google OAuth Error: server_error
[2025-11-28 12:54:43] === GOOGLE AUTH PROCESS STARTED ===
[2025-11-28 12:54:43] Redirecting to Google OAuth: https://accounts.google.com/o/oauth2/v2/auth?client_id=YOUR_GOOGLE_CLIENT_ID&redirect_uri=http%3A%2F%2Flocalhost%2FKarirkuWebs%2Ffunction%2Fgoogle-auth.php&response_type=code&scope=email+profile&access_type=offline&prompt=consent
[2025-11-28 12:56:26] === GOOGLE AUTH PROCESS STARTED ===
[2025-11-28 12:56:26] Redirecting to Google OAuth: https://accounts.google.com/o/oauth2/v2/auth?client_id=YOUR_GOOGLE_CLIENT_ID&redirect_uri=http%3A%2F%2Flocalhost%2FKarirkuWebs%2Ffunction%2Fgoogle-auth.php&response_type=code&scope=email+profile&access_type=offline&prompt=consent
[2025-11-28 12:58:24] === GOOGLE AUTH PROCESS STARTED ===
[2025-11-28 12:58:24] Client ID: YOUR_ACTUA...
[2025-11-28 12:58:24] Redirect URI: http://localhost/KarirkuWebs/function/google-auth.php
[2025-11-28 12:58:24] Redirecting to Google OAuth
[2025-11-28 12:58:24] Auth URL: https://accounts.google.com/o/oauth2/v2/auth?client_id=YOUR_ACTUAL_CLIENT_ID.apps.googleusercontent.com&redirect_uri=http%3A%2F%2Flocalhost%2FKarirkuWebs%2Ffunction%2Fgoogle-auth.php&response_type=code&scope=email+profile&access_type=offline&prompt=consent
[2025-11-28 12:58:45] === GOOGLE AUTH PROCESS STARTED ===
[2025-11-28 12:58:45] Client ID: YOUR_ACTUA...
[2025-11-28 12:58:45] Redirect URI: http://localhost/KarirkuWebs/function/google-auth.php
[2025-11-28 12:58:45] Redirecting to Google OAuth
[2025-11-28 12:58:45] Auth URL: https://accounts.google.com/o/oauth2/v2/auth?client_id=YOUR_ACTUAL_CLIENT_ID.apps.googleusercontent.com&redirect_uri=http%3A%2F%2Flocalhost%2FKarirkuWebs%2Ffunction%2Fgoogle-auth.php&response_type=code&scope=email+profile&access_type=offline&prompt=consent
[2025-12-02 12:40:47] === GOOGLE AUTH PROCESS STARTED ===
[2025-12-02 12:40:47] Client ID: YOUR_ACTUA...
[2025-12-02 12:40:47] Redirect URI: http://localhost/KarirkuWebs/function/google-auth.php
[2025-12-02 12:40:47] Redirecting to Google OAuth
[2025-12-02 12:40:47] Auth URL: https://accounts.google.com/o/oauth2/v2/auth?client_id=YOUR_ACTUAL_CLIENT_ID.apps.googleusercontent.com&redirect_uri=http%3A%2F%2Flocalhost%2FKarirkuWebs%2Ffunction%2Fgoogle-auth.php&response_type=code&scope=email+profile&access_type=offline&prompt=consent
[2025-12-03 15:20:15] === GOOGLE AUTH PROCESS STARTED ===
[2025-12-03 15:20:15] Client ID: YOUR_ACTUA...
[2025-12-03 15:20:15] Redirect URI: http://localhost/KarirkuWebs/function/google-auth.php
[2025-12-03 15:20:15] Redirecting to Google OAuth
[2025-12-03 15:20:15] Auth URL: https://accounts.google.com/o/oauth2/v2/auth?client_id=YOUR_ACTUAL_CLIENT_ID.apps.googleusercontent.com&redirect_uri=http%3A%2F%2Flocalhost%2FKarirkuWebs%2Ffunction%2Fgoogle-auth.php&response_type=code&scope=email+profile&access_type=offline&prompt=consent
